605
0 1 L
29 0 R
29 2 U
27 2 L
27 1 U
1 0 R
29 29 L
29 27 U
28 0 D
29 0 R
29 2 U
27 2 L
27 1 U
2 0 U
0 3 L
0 1 D
2 1 L
2 29 U
1 28 R
29 3 L
29 0 U
3 1 U
0 1 R
4 29 D
1 4 U
3 28 R
3 29 D
26 29 U
0 24 R
0 28 D
4 28 L
4 27 U
29 5 R
26 2 L
3 3 D
4 2 R
4 3 U
2 3 R
28 4 L
28 1 U
27 27 R
27 29 D
29 29 L
25 28 R
27 4 L
2 5 R
2 6 D
4 6 L
0 23 R
1 24 R
1 28 D
29 24 L
29 19 U
28 19 R
28 26 U
27 26 R
5 28 R
5 29 U
2 29 L
2 25 D
4 26 D
1 7 U
6 28 U
26 26 L
26 25 U
24 25 R
24 2 U
22 2 R
22 5 U
26 4 L
27 25 D
22 0 D
0 22 R
0 25 D
3 25 R
3 29 U
2 24 R
29 7 U
25 7 R
25 8 U
23 8 R
23 10 U
20 10 L
6 3 L
6 0 U
3 0 R
3 3 U
2 7 R
2 9 U
0 9 L
29 8 U
28 8 L
28 1 D
27 6 R
27 7 D
7 2 D
9 2 R
9 9 U
8 9 R
8 13 U
5 13 L
26 5 D
22 1 L
22 0 D
3 24 U
0 24 L
24 3 D
29 3 L
29 2 U
26 2 R
9 29 D
11 29 L
11 23 D
5 25 R
6 4 L
6 0 U
3 0 R
8 28 U
23 3 D
29 3 L
23 27 L
23 26 D
27 23 R
27 28 D
29 28 R
29 29 U
3 23 D
4 23 L
23 4 L
23 2 D
24 2 R
24 5 D
9 28 U
8 27 R
3 8 U
1 8 R
1 10 U
6 25 U
5 25 R
25 6 D
5 6 U
0 6 L
0 5 D
3 5 R
3 8 U
1 8 R
21 28 R
21 29 D
6 5 L
6 0 U
3 0 R
3 2 D
9 2 R
9 9 U
23 25 R
23 28 U
21 28 R
21 29 D
2 10 L
2 5 D
3 5 R
3 8 U
1 8 R
8 26 L
8 24 U
7 24 L
7 22 U
6 22 R
3 9 D
4 9 R
4 12 D
6 12 L
6 11 D
28 10 U
23 5 U
21 5 L
20 28 U
19 28 R
7 25 U
24 6 D
27 6 R
27 7 U
24 24 R
24 25 U
23 25 L
7 5 D
10 5 L
10 3 D
11 3 L
27 21 U
25 21 R
25 25 D
28 25 L
28 16 D
29 16 L
27 9 R
27 10 D
28 10 R
28 11 D
29 11 R
5 7 L
5 5 D
10 5 L
10 3 U
9 3 R
9 9 D
5 23 R
5 24 U
0 24 L
0 19 D
12 29 D
17 0 D
20 0 R
20 4 D
29 4 L
29 3 U
18 1 L
29 18 R
29 24 U
22 25 D
28 25 L
28 16 D
29 16 L
23 6 D
24 7 R
24 11 D
26 11 R
26 9 D
27 9 R
27 10 D
28 10 R
28 11 D
3 20 D
9 26 R
9 29 D
14 29 L
14 22 D
3 10 D
5 22 U
0 22 R
0 25 D
3 25 L
2 19 D
2 11 D
9 25 U
22 6 L
22 4 D
29 4 L
29 3 U
5 21 R
5 24 U
0 24 R
0 25 D
3 25 R
25 9 L
21 25 L
21 23 D
22 23 L
22 22 D
29 22 L
8 6 D
14 6 L
14 0 U
23 7 R
23 10 U
26 20 D
29 20 L
23 23 D
29 23 R
19 27 R
12 2 U
11 2 R
27 19 D
28 19 R
28 12 L
28 10 U
27 10 L
27 9 U
23 9 L
18 28 L
18 26 U
17 26 R
17 27 D
27 27 R
27 28 U
1 13 R
1 17 R
29 17 U
28 17 R
28 25 U
21 25 L
21 23 D
20 25 D
28 25 L
28 16 D
29 16 R
29 17 U
8 7 L
8 4 D
8 23 L
8 22 U
21 6 U
17 28 U
14 28 R
19 4 D
24 21 L
24 20 U
18 20 L
7 8 D
9 8 R
9 9 D
12 9 R
12 11 D
13 11 R
25 10 U
21 10 L
25 20 U
5 20 L
26 19 D
28 19 L
27 18 R
2 17 R
2 27 D
4 27 L
4 26 U
13 28 L
12 3 U
10 25 D
12 25 L
12 21 U
11 21 L
13 2 U
17 3 D
20 3 R
20 4 D
21 4 R
21 6 U
20 6 R
4 18 U
2 18 R
2 27 D
4 27 L
4 26 U
12 26 U
13 3 L
13 0 D
17 0 R
17 6 U
18 4 D
21 4 R
21 6 D
26 6 R
7 21 R
7 25 D
12 25 R
22 8 D
21 7 L
21 4 U
14 4 L
14 0 U
13 0 R
13 3 D
11 5 R
1 15 D
2 15 R
2 25 D
3 25 L
3 23 U
2 14 R
27 17 R
27 22 U
22 22 R
3 13 R
3 14 U
2 14 R
2 21 U
16 2 D
20 2 L
20 0 U
19 0 R
3 17 R
3 18 U
8 21 R
8 25 D
12 25 R
9 22 U
5 22 R
5 24 U
0 24 L
0 22 D
1 22 L
24 19 R
24 25 D
28 25 L
28 19 U
26 19 R
10 23 U
7 23 L
7 21 D
8 21 L
8 16 U
7 20 D
8 20 L
8 16 D
9 16 R
28 15 U
24 15 R
24 16 U
23 16 R
23 17 U
21 17 R
22 21 R
22 24 U
19 24 R
19 27 D
27 27 L
27 25 U
22 9 L
22 5 D
27 5 L
27 2 D
21 22 D
29 22 L
21 8 D
15 2 R
27 14 D
28 14 R
28 16 D
29 16 R
13 4 D
27 16 R
27 22 D
29 22 L
29 21 U
22 21 L
22 20 D
4 13 U
3 13 R
3 14 U
13 25 U
7 25 L
7 20 D
21 21 U
20 21 L
20 19 D
21 19 L
4 14 U
3 14 L
3 13 D
3 15 L
3 13 D
8 13 L
10 8 R
10 10 D
12 10 R
12 11 U
11 11 L
18 6 L
18 5 U
17 25 R
16 26 R
13 24 U
7 24 L
25 16 L
25 14 D
28 14 L
24 17 L
24 15 D
28 15 L
9 10 D
12 10 R
12 11 U
11 11 R
11 13 D
11 22 D
19 8 U
19 9 L
13 7 U
12 8 R
12 11 U
11 11 L
17 7 U
10 20 D
6 15 D
7 15 R
7 16 D
9 16 R
9 18 U
17 8 L
17 6 D
18 6 R
18 7 U
10 11 D
13 11 R
19 10 R
14 7 L
14 0 D
17 0 R
17 4 U
12 4 L
12 1 D
20 11 R
20 14 U
18 14 R
18 15 D
19 15 R
21 12 U
19 12 R
19 15 U
16 15 R
13 22 D
16 22 R
17 21 U
15 21 R
12 20 R
12 21 D
13 21 R
13 25 D
14 8 U
18 10 D
19 10 R
16 8 R
10 18 L
10 17 D
14 17 L
10 12 D
11 12 L
11 11 U
14 21 R
14 28 U
13 28 L
13 27 D
14 9 D
10 13 D
15 8 R
15 9 U
19 18 U
8 15 R
12 19 U
17 20 R
13 20 U
12 20 R
12 21 D
12 12 U
10 12 R
10 16 R
13 19 L
13 15 U
18 12 U
16 12 L
9 15 R
12 18 L
12 17 U
8 17 R
10 15 R
15 10 R
20 15 L
11 14 D
14 19 L
14 11 U
11 11 R
11 12 U
16 19 R
16 20 U
12 20 L
12 16 U
7 16 L
7 15 D
17 13 D
20 13 R
20 15 D
15 19 U
11 19 L
11 16 U
7 16 L
7 15 D
9 15 R
18 16 L
18 9 D
19 9 R
19 14 D
20 14 L
20 12 D
15 12 D
15 18 U
11 18 L
11 16 D
17 16 D
18 16 L
18 9 D
19 9 R
19 14 D
20 14 R
13 14 R
14 13 D
15 13 L
15 12 D
17 14 L
17 10 D
19 10 R
19 11 U
16 11 R
16 12 D
15 17 L
15 15 L
