610
0 5 R
0 10 D
0 11 L
0 10 D
3 10 R
0 12 L
0 15 L
0 16 L
0 12 D
1 12 L
1 10 D
3 10 R
0 17 D
4 17 R
4 18 U
0 22 D
6 22 L
6 21 U
0 23 L
0 22 D
6 22 L
6 21 U
1 21 L
1 9 L
1 7 U
0 7 L
0 5 D
1 5 L
1 0 D
2 0 R
1 14 L
1 7 U
0 7 R
1 19 U
1 23 R
1 26 D
2 2 U
2 5 D
12 5 L
2 6 L
2 2 U
1 2 R
1 5 U
0 5 R
0 7 D
1 7 R
2 7 L
2 2 U
1 2 L
1 0 U
0 0 R
0 1 D
2 8 D
6 8 L
6 5 D
12 5 L
12 1 U
11 1 R
11 3 D
2 9 L
2 2 D
2 11 D
12 11 L
12 4 D
17 4 L
17 2 D
20 2 L
20 1 U
18 1 R
2 12 L
2 2 U
1 2 R
1 5 D
12 5 L
12 4 D
2 13 U
2 14 L
2 2 D
4 2 L
2 19 L
2 2 D
4 2 L
2 24 U
1 24 L
1 21 D
7 21 L
7 11 U
3 0 U
3 3 R
3 5 D
12 5 L
12 4 D
16 4 R
16 7 U
10 7 L
10 2 D
3 6 L
3 0 U
3 14 U
0 14 R
3 25 U
2 25 R
4 6 U
2 6 R
4 14 D
16 14 L
16 12 U
4 19 L
4 11 U
5 4 R
5 9 U
5 10 R
5 14 U
0 14 R
5 15 R
5 16 U
1 16 R
1 18 D
4 18 L
5 17 U
1 17 R
1 18 D
4 18 L
5 18 U
1 18 L
1 12 D
5 19 U
2 19 R
5 20 U
2 20 R
2 23 U
5 26 D
7 26 L
7 25 U
3 25 L
3 14 D
16 14 L
16 12 D
23 12 R
23 18 U
20 18 L
20 14 U
6 0 R
6 1 D
9 1 R
9 6 U
2 6 L
2 2 D
4 2 R
4 9 U
6 2 L
6 0 D
6 4 U
1 4 L
1 2 D
4 2 R
6 12 R
6 18 U
1 18 L
6 20 R
6 26 D
7 26 L
7 25 U
3 25 L
3 14 U
7 3 R
7 6 D
10 6 R
10 7 D
19 7 L
7 7 L
7 0 U
5 0 R
7 8 L
7 0 D
9 0 R
9 6 D
10 6 L
10 2 U
7 10 U
5 10 R
5 26 D
7 26 L
7 25 U
3 25 L
3 14 D
16 14 L
16 12 D
23 12 R
23 18 U
7 24 L
7 23 U
8 7 L
8 0 D
9 0 R
9 6 U
2 6 R
8 8 U
8 19 L
8 0 D
9 0 R
9 6 D
10 6 R
10 7 D
19 7 R
19 17 U
15 17 R
15 20 D
8 21 U
1 21 R
1 22 D
6 22 L
6 20 D
8 23 R
8 24 D
10 24 R
8 25 D
12 25 R
12 26 D
16 26 L
8 26 L
8 21 D
11 21 R
11 22 D
12 22 R
12 26 U
9 7 D
19 7 R
19 17 D
20 17 L
20 14 U
19 14 L
19 7 D
19 7 R
9 17 L
9 23 D
10 23 R
10 1 R
10 7 D
19 7 R
19 16 D
21 16 L
21 16 U
17 16 L
17 15 D
17 15 R
10 8 R
10 12 U
5 12 R
5 26 D
9 26 L
10 13 D
11 13 L
11 10 D
12 10 L
12 4 D
16 4 R
16 7 D
19 7 R
19 16 D
21 16 L
21 16 U
10 15 L
10 1 U
10 16 L
10 1 U
10 17 D
11 17 R
11 22 D
12 22 R
12 26 D
16 26 L
16 17 U
15 17 R
10 20 R
10 21 D
11 21 R
11 22 D
12 22 R
12 26 D
10 22 R
10 24 U
3 24 L
3 14 D
16 14 L
16 12 D
23 12 L
23 12 D
23 12 L
23 12 D
11 4 D
16 4 R
16 7 D
19 7 R
19 16 U
18 16 R
18 19 D
11 6 D
11 8 U
11 15 L
11 10 D
12 10 R
12 12 U
11 16 R
11 22 D
11 23 L
11 10 U
5 10 R
5 11 U
5 11 L
11 24 D
20 24 L
20 19 D
20 19 L
20 19 D
20 19 R
12 13 U
4 13 R
4 25 D
9 25 L
9 24 D
20 24 L
20 19 D
20 19 L
20 19 D
20 19 R
12 15 L
12 4 D
16 4 R
16 7 D
19 7 R
19 16 D
21 16 L
21 16 U
18 16 L
18 16 D
12 16 U
1 16 L
1 13 D
2 13 R
2 23 D
8 23 R
8 26 D
9 26 L
9 24 D
19 24 L
12 19 R
12 21 D
14 21 R
14 26 D
15 26 L
13 3 R
13 4 U
1 4 R
1 5 D
12 5 R
12 16 U
1 16 R
1 18 D
12 18 L
12 18 D
13 8 U
13 9 D
21 9 L
21 5 D
13 10 U
5 10 L
5 9 D
10 9 L
10 1 D
13 11 U
5 11 R
5 11 D
15 11 L
15 4 D
16 4 L
16 4 D
16 4 R
16 7 D
19 7 L
13 12 U
6 12 R
6 18 D
11 18 L
11 10 D
17 10 L
17 9 D
21 9 R
21 9 D
21 9 L
13 15 D
15 15 L
15 14 D
16 14 L
16 12 D
22 12 L
22 10 D
22 10 L
22 10 D
22 10 R
13 18 L
13 7 D
18 7 R
18 9 U
12 9 R
12 16 D
15 16 R
15 19 D
16 19 L
16 17 D
13 19 D
16 19 R
13 25 L
14 13 R
14 16 U
1 16 R
1 18 D
11 18 R
14 17 L
14 18 R
14 19 U
10 19 R
10 24 D
14 20 L
15 1 R
15 3 R
15 12 D
21 12 L
21 11 D
22 11 L
22 10 D
15 13 D
16 13 L
16 12 D
21 12 L
21 11 D
22 11 L
15 21 L
16 1 L
16 0 U
16 3 L
16 0 U
14 0 R
14 1 D
16 8 L
16 11 U
5 11 R
5 11 D
21 11 L
21 11 D
21 11 L
21 11 D
21 11 R
21 14 D
23 14 L
23 13 U
16 15 R
16 15 D
17 15 L
17 15 D
17 15 R
17 15 D
17 15 R
17 15 U
0 15 L
17 1 R
17 3 U
17 5 R
17 7 D
18 7 R
18 9 U
12 9 R
12 16 D
17 8 R
17 12 U
15 12 R
15 15 U
1 15 R
17 13 U
15 13 R
17 14 R
17 15 U
16 15 R
16 15 D
17 26 D
18 4 D
18 6 U
15 6 L
15 4 D
16 4 R
16 15 U
16 15 R
18 10 U
5 10 L
5 9 D
10 9 L
10 1 D
18 15 D
18 20 L
18 18 U
13 18 R
13 21 D
14 21 R
14 26 U
12 26 L
12 25 D
18 21 D
18 23 D
18 25 R
19 3 R
19 5 U
15 5 R
15 14 D
17 14 R
17 14 U
15 14 L
15 4 D
16 4 R
20 0 U
20 6 D
26 6 R
26 6 U
20 6 R
20 6 D
26 6 L
26 6 D
26 6 R
26 6 D
20 7 D
20 8 U
6 8 R
6 18 U
2 18 L
2 13 D
2 13 R
21 15 R
21 15 U
21 15 L
21 11 D
21 11 R
21 17 D
21 23 L
21 20 D
24 20 R
24 20 D
21 24 L
21 20 D
23 20 R
23 20 D
21 25 R
22 3 D
22 9 D
26 9 R
22 13 D
22 13 R
22 15 D
23 15 L
22 16 U
22 16 R
22 18 D
26 18 L
26 17 U
25 17 R
25 19 D
26 19 R
26 20 D
26 20 L
22 19 R
22 23 U
21 23 L
21 20 U
18 20 L
18 18 D
18 18 R
18 25 D
18 25 R
18 25 D
23 7 D
25 7 L
23 8 D
23 10 D
24 10 L
23 11 D
25 11 R
25 19 D
23 19 R
23 19 U
22 19 L
22 13 U
21 13 R
24 0 D
24 12 D
24 26 L
24 22 U
25 1 U
24 1 L
26 4 U
23 4 L
23 2 D
24 2 L
26 11 U
26 16 R
26 16 U
22 16 L
22 13 D
22 13 L
22 13 U
21 13 R
21 13 D
22 13 R
