650
0 2 D
10 2 R
10 4 D
0 3 L
0 10 D
4 10 L
4 9 D
5 9 L
5 2 U
0 11 D
2 11 R
2 13 D
3 13 R
3 15 U
0 16 L
0 3 D
2 3 L
2 2 D
0 19 R
0 20 D
5 20 R
5 26 D
0 21 L
0 3 D
2 3 L
2 2 D
0 23 L
0 27 L
0 4 D
1 4 R
1 6 U
1 8 U
0 8 R
1 14 L
1 8 U
1 15 R
1 16 D
1 17 U
1 18 R
1 21 U
1 22 U
0 22 R
2 1 L
2 4 D
5 4 L
5 2 D
2 6 R
2 8 U
1 8 R
2 14 L
2 8 U
2 17 U
2 21 L
2 23 U
0 23 R
2 28 L
2 18 D
10 18 L
3 1 R
3 2 U
3 3 R
3 7 D
3 8 L
3 9 L
3 1 D
3 11 U
0 11 R
3 12 U
0 12 R
3 16 D
4 16 L
4 14 U
0 14 L
3 24 U
4 0 D
8 0 R
8 1 D
22 1 L
22 0 D
24 0 R
4 11 D
8 11 L
8 10 D
13 10 R
4 13 D
12 13 R
12 18 D
14 18 L
14 17 D
17 17 R
4 17 U
3 17 L
4 22 U
4 24 R
4 26 D
4 27 L
4 9 U
1 9 R
4 28 L
4 9 U
5 1 L
5 0 D
8 0 R
8 1 D
22 1 L
22 0 D
5 10 D
6 10 R
5 14 L
5 0 D
8 0 R
5 16 D
6 16 L
6 13 D
12 13 R
5 17 R
5 19 D
5 27 L
5 19 U
0 19 L
5 28 U
6 3 L
6 0 D
6 4 L
6 9 U
2 9 L
2 8 D
3 8 R
3 26 D
5 26 R
6 12 U
0 12 R
0 14 D
6 20 R
6 22 U
1 22 L
1 18 D
6 23 L
6 12 U
0 12 L
0 10 D
6 10 L
6 8 U
6 24 R
6 25 U
7 7 R
7 9 U
2 9 R
2 14 D
6 14 R
6 25 U
7 10 D
13 10 R
13 11 D
14 11 R
14 15 D
7 12 R
7 13 D
12 13 R
12 17 U
11 17 L
7 16 U
3 16 L
3 2 D
7 2 R
7 20 U
0 20 L
0 19 D
9 19 L
9 18 U
7 25 U
2 25 L
2 18 D
7 27 D
12 27 L
12 24 D
16 24 L
16 23 U
8 3 R
8 5 D
9 5 R
9 10 D
13 10 R
8 7 U
7 7 R
8 8 U
6 8 R
6 10 D
13 10 L
8 9 R
8 13 D
10 13 R
8 14 D
15 14 R
15 15 U
11 15 L
8 17 L
8 7 D
10 7 R
10 10 D
13 10 L
13 9 U
8 23 L
8 7 D
10 7 L
10 6 U
8 25 L
8 7 D
10 7 L
8 26 D
17 26 L
17 25 D
9 0 R
9 1 D
22 1 R
22 4 U
15 4 L
9 11 L
9 7 D
10 7 R
10 10 D
13 10 L
9 12 R
9 15 R
9 17 U
3 17 L
3 2 D
7 2 R
7 11 D
9 11 R
9 21 U
1 21 R
9 24 U
10 11 D
12 11 L
10 12 R
10 16 D
13 16 L
13 14 U
10 22 L
10 20 U
0 20 L
0 19 D
9 19 L
10 25 U
2 25 R
11 2 L
11 5 L
11 1 U
9 1 L
9 0 D
11 7 L
11 1 D
22 1 R
22 4 U
11 9 L
11 12 L
11 18 L
11 21 L
11 20 U
0 20 L
0 19 D
9 19 L
9 18 D
11 22 D
15 22 L
15 19 D
16 19 L
11 23 L
11 20 U
0 20 L
0 19 D
9 19 R
9 22 D
11 24 D
16 24 L
16 23 U
14 23 L
14 17 D
11 28 U
12 2 L
12 3 L
12 1 D
22 1 L
22 0 U
18 0 R
12 6 L
12 1 D
22 1 R
22 4 U
12 12 U
8 12 L
8 7 D
12 7 L
12 19 D
16 19 L
12 21 D
19 21 R
19 24 D
24 24 R
24 25 D
12 23 L
12 19 D
16 19 L
13 2 D
14 2 L
14 1 D
22 1 R
22 4 U
13 7 L
13 5 D
13 17 U
11 17 L
13 20 L
13 14 D
15 14 R
15 15 U
13 27 L
13 24 D
16 24 L
16 23 D
27 23 R
27 24 U
13 28 D
14 0 R
14 6 L
14 5 U
14 16 U
12 16 R
12 17 D
14 25 U
15 0 D
15 8 U
14 8 L
15 9 D
19 9 L
19 7 D
20 7 R
20 8 U
18 8 L
15 10 D
18 10 L
18 8 D
25 8 R
25 14 U
23 14 R
15 11 U
14 11 R
14 26 U
8 26 L
8 7 D
17 7 L
15 18 R
15 21 D
19 21 R
19 24 D
24 24 R
24 25 D
15 25 L
15 23 D
27 23 L
27 22 U
25 22 R
16 6 R
16 7 D
16 8 L
16 5 U
16 11 U
14 11 R
14 26 D
17 26 L
17 25 U
13 25 R
16 20 L
16 19 U
12 19 R
12 24 D
16 24 R
16 28 U
16 22 R
16 28 U
17 8 D
25 8 L
25 7 D
27 7 R
27 8 D
17 13 D
19 13 L
17 14 L
17 8 D
25 8 L
25 7 D
17 15 D
20 15 L
17 16 L
17 8 D
25 8 R
25 14 D
26 14 L
17 20 R
17 23 U
14 23 L
14 11 D
17 11 R
17 24 D
24 24 L
24 23 U
17 27 L
17 20 U
0 20 L
0 19 D
9 19 R
18 11 U
14 11 R
14 22 U
10 22 R
10 27 D
18 14 L
18 16 L
18 14 U
17 14 R
17 15 D
18 17 L
18 14 D
19 14 R
18 19 L
18 20 L
18 15 D
18 26 L
18 15 U
17 15 L
17 8 U
14 8 L
14 6 U
19 6 R
19 9 U
15 9 L
15 6 U
19 11 U
14 11 R
14 22 U
10 22 R
10 27 D
12 27 L
19 17 U
19 18 L
19 19 U
18 19 L
19 27 D
21 27 R
21 28 U
20 28 L
19 28 D
20 9 U
15 9 L
15 6 U
20 10 R
20 13 D
28 13 L
20 18 D
22 18 R
22 19 D
28 19 R
20 19 U
18 19 R
18 27 D
19 27 R
20 21 L
20 18 U
19 18 R
19 19 U
20 25 L
20 18 U
19 18 R
21 7 R
21 9 D
23 9 L
23 5 D
28 5 L
21 15 L
21 9 D
23 9 L
23 5 D
28 5 L
21 17 R
21 20 U
20 20 L
20 18 D
21 21 D
26 21 R
26 23 D
27 23 R
21 26 D
23 26 R
23 27 D
28 27 L
28 26 U
22 5 D
28 5 L
28 3 U
26 3 L
26 1 U
22 6 D
24 6 L
22 10 R
22 14 U
21 14 L
21 9 D
22 15 U
21 15 L
21 9 D
22 9 R
22 12 U
22 16 L
22 14 U
21 14 L
22 20 L
22 19 U
22 25 R
22 26 D
23 26 R
23 27 D
28 27 L
22 27 U
23 2 U
18 2 R
23 3 U
21 3 R
21 7 D
26 7 L
26 5 U
23 4 R
23 8 U
22 8 R
22 12 D
23 16 R
23 17 U
21 17 L
23 18 R
23 19 U
21 19 L
21 15 D
22 15 R
23 20 D
24 20 L
24 19 U
21 19 L
21 15 D
22 15 R
23 25 R
23 27 D
28 27 R
28 28 U
27 28 L
23 28 L
23 23 U
15 23 R
15 26 D
19 26 R
24 2 D
27 2 R
27 5 D
28 5 L
24 4 U
24 9 D
25 9 R
25 14 U
24 16 U
23 16 R
23 21 D
26 21 R
24 17 U
23 17 R
23 21 D
26 21 R
26 22 U
25 22 L
24 18 U
23 18 L
23 16 D
26 16 R
26 17 D
24 22 L
24 6 U
19 6 L
19 5 D
23 5 L
23 2 D
24 26 R
24 28 U
25 3 L
25 6 U
19 6 L
19 5 D
23 5 R
25 15 R
25 16 D
26 16 R
26 17 D
25 17 R
25 19 D
28 19 L
25 20 L
25 6 U
19 6 L
19 5 D
23 5 L
23 2 D
25 24 R
25 27 D
25 28 L
26 8 U
26 15 D
26 18 R
26 22 U
24 22 L
24 9 D
25 9 R
27 6 L
27 3 U
21 3 R
21 7 D
26 7 R
27 9 L
27 10 U
20 10 R
20 11 U
14 11 R
14 22 U
27 11 U
14 11 R
14 22 U
11 22 R
27 14 L
27 9 D
27 16 U
27 20 U
26 20 L
26 10 D
27 21 U
26 21 L
26 10 U
20 10 R
20 11 D
28 15 R
28 16 U
24 16 R
24 26 D
25 26 R
25 28 U
