406
0 9 D
1 9 L
0 10 D
0 15 L
0 19 L
0 22 R
1 16 U
1 20 R
2 1 D
2 6 D
8 6 R
2 9 D
2 13 U
2 15 L
2 13 D
2 16 U
1 16 R
2 21 U
0 21 R
2 26 R
3 0 D
3 3 U
0 3 R
3 4 U
3 8 U
0 8 L
3 14 U
3 17 L
3 11 U
3 18 U
3 21 U
3 22 U
3 23 R
3 24 U
3 25 D
4 2 D
4 3 D
6 3 R
4 4 D
4 5 U
4 7 U
4 8 U
0 8 R
4 10 L
4 2 U
2 2 R
4 11 D
4 14 U
3 14 R
4 20 L
4 2 D
5 2 R
4 24 D
5 15 L
5 6 D
8 6 L
8 4 U
5 16 L
5 6 D
8 6 L
8 4 D
9 4 L
5 18 L
5 26 L
5 22 U
1 22 R
6 0 D
6 5 D
6 7 L
6 5 D
6 8 L
6 10 L
6 22 L
6 26 D
7 26 R
7 27 D
9 27 L
9 26 D
6 27 D
9 27 L
7 2 L
7 0 U
6 0 R
6 1 D
12 1 L
12 0 D
7 13 L
7 12 U
3 12 L
3 11 D
6 11 R
7 16 D
17 16 R
17 21 D
19 21 L
7 17 D
7 20 U
1 20 L
1 15 D
5 15 L
5 7 U
1 7 R
7 23 D
11 23 R
11 24 D
12 24 R
8 3 D
10 3 L
8 12 D
11 12 R
11 17 D
20 17 R
20 20 D
8 13 D
14 13 L
14 10 D
8 14 L
8 12 D
8 15 R
8 17 D
20 17 R
20 20 D
8 18 L
8 12 D
10 12 L
8 20 R
8 21 U
6 21 L
6 16 D
17 16 R
17 21 D
8 22 U
1 22 R
1 23 D
11 23 R
11 24 D
8 26 U
2 26 L
2 15 D
5 15 R
5 20 D
9 6 D
9 9 R
9 17 D
20 17 R
20 20 D
9 18 L
9 22 D
9 24 L
9 25 L
10 4 R
10 6 D
14 6 R
10 7 L
10 8 U
0 8 R
0 9 D
7 9 L
7 5 D
10 19 R
10 27 D
11 3 R
11 7 U
1 7 R
1 9 D
7 9 L
7 5 D
11 8 U
0 8 R
0 9 D
7 9 L
11 9 D
13 9 R
13 11 D
19 11 R
11 10 U
4 10 R
4 26 D
8 26 R
8 27 D
11 18 D
11 19 L
11 13 D
14 13 L
14 10 D
21 10 R
11 22 D
14 22 L
14 21 D
18 21 R
18 22 D
12 8 D
12 10 D
21 10 R
21 11 D
12 11 L
12 0 U
11 0 R
11 10 D
21 10 R
21 11 D
12 12 L
12 0 U
11 0 R
11 10 D
21 10 R
21 11 D
12 15 R
12 20 D
13 20 L
13 13 U
7 13 R
12 21 D
18 21 R
12 23 U
8 23 R
8 24 D
13 1 U
11 1 R
11 10 D
13 3 D
13 12 D
13 24 D
15 24 R
15 25 D
16 25 R
16 27 U
13 26 U
12 26 L
14 0 D
17 0 R
17 1 U
14 2 L
14 4 U
8 4 R
8 8 D
14 14 D
16 14 L
16 13 D
17 13 L
14 15 R
14 19 U
13 19 L
13 9 U
11 9 R
11 10 D
14 20 D
14 23 R
14 24 D
15 24 R
15 25 D
16 25 R
16 27 D
14 25 D
16 25 R
14 26 L
14 19 U
13 19 L
13 9 U
11 9 R
11 10 D
15 1 L
15 2 D
16 2 R
16 4 D
15 3 D
15 12 L
15 13 D
17 13 L
15 22 L
16 6 R
16 7 U
15 7 R
16 8 U
16 15 R
16 18 U
16 24 R
17 7 L
17 14 R
17 25 D
21 25 L
21 23 D
23 23 R
23 26 D
27 26 L
18 0 U
18 8 R
18 12 U
17 12 R
17 18 D
21 18 R
18 13 L
18 12 U
17 12 R
18 16 L
18 23 R
18 27 D
19 3 L
19 0 U
17 0 R
17 1 D
19 4 L
19 6 D
25 6 R
19 8 L
19 6 D
25 6 L
25 1 U
24 1 L
19 13 D
19 14 L
19 19 L
19 23 D
23 23 R
23 26 D
19 26 L
19 23 D
23 23 R
23 26 D
20 1 D
20 3 L
20 0 D
20 4 L
20 5 L
20 1 D
20 7 D
20 11 D
20 15 L
20 21 L
20 27 L
20 23 D
23 23 R
23 26 D
25 26 L
21 2 U
20 2 R
21 3 L
21 5 R
21 8 D
23 8 R
23 9 U
22 9 L
21 9 D
23 9 L
21 15 L
21 22 D
27 22 L
21 26 D
25 26 L
22 2 D
25 2 L
25 1 D
26 1 L
26 0 D
22 3 D
25 3 L
25 1 D
26 1 L
22 4 D
27 4 L
22 5 D
26 5 L
26 4 D
22 14 D
24 14 R
24 19 U
22 15 L
22 14 D
24 14 R
24 19 D
22 16 D
22 21 U
20 21 L
20 16 D
22 24 D
25 24 L
22 25 D
25 25 R
22 27 L
23 1 R
23 13 R
23 14 U
22 14 R
23 21 D
23 27 L
23 21 D
24 8 L
24 1 U
23 1 R
24 13 R
24 20 D
25 9 R
26 6 D
26 9 D
26 11 D
26 16 D
27 16 L
26 17 L
26 16 D
27 16 L
26 24 L
26 25 L
26 23 U
27 8 U
26 8 R
26 14 D
